Tue Oct  3 16:54:49 2017
https://www.youtube.com/[[clickThroughUrl_]] |HTTP Error 404: Not Found
Tue Oct  3 16:54:50 2017
https://www.youtube.com/[[data.target]] |HTTP Error 404: Not Found
Tue Oct  3 16:55:10 2017
http://www.pangolinsg.org/bahasa-indonesia/ |HTTP Error 404: Not Found
Tue Oct  3 16:55:16 2017
http://www.pangolinsg.org/bahasa-melayu/ |HTTP Error 404: Not Found
Tue Oct  3 16:55:44 2017
http://s28.sitemeter.com/stats.asp?site=s28animalfiles |<urlopen error [WinError 10060] 由于连接方在一段时间后没有正确答复或连接的主机没有反应，连接尝试失败。>
Tue Oct  3 16:55:52 2017
https://fundraise.awf.org/ /p2p/login  |HTTP Error 400: Bad request
Tue Oct  3 16:55:53 2017
https://fundraise.awf.org/secure/p2p/p2p-donation?p2p_pcid=3321 |HTTP Error 404: Not Found
Tue Oct  3 16:55:58 2017
mailto:?subject=Three-cusped%20pangolin%20videos%2C%20photos%20and%20facts&body=With%20its%20tough%2C%20scaly%2C%20armoured%20body%2C%20the%20three-cusped%20pangolin%20looks%20rather%20incongruous%20moving%20about%20amongst%20the%20foliage%20of%20tropical%20forests.%20However%2C%20with%20its%20long%2C%20prehensile%20tail%20which%20has%20a...:%20http%3A%2F%2Fwww.arkive.org%2Fthree-cusped-pangolin%2Fphataginus-tricuspis%2F |<urlopen error unknown url type: mailto>
Tue Oct  3 16:56:21 2017
http://pangolins.org/2012/02/01/meet-the-species-giant-ground-pangolin/ target=blank |HTTP Error 404: Not Found
Tue Oct  3 16:57:24 2017
mailto:?subject=Arkive%20Education%20-%20Fun%20stuff&body=Education%20resources%20on%20Arkive%20including%20science%20teaching%20resources%2C%20biology%20teaching%20resources%20and%20science%20games.:%20http%3A%2F%2Fwww.arkive.org%2Feducation%2Ffun-stuff |<urlopen error unknown url type: mailto>
Tue Oct  3 16:57:30 2017
mailto:info@theanimalfiles.com |<urlopen error unknown url type: mailto>
Tue Oct  3 16:57:52 2017
http://www.iucnredlist.org/photos/2017 |HTTP Error 500: Internal Server Error
Tue Oct  3 16:59:08 2017
https://en.wikipedia.org/w/index.php?title=Template:Editnotices/Page/Tree_pangolin&action=edit&redlink=1 |HTTP Error 404: Not Found
Tue Oct  3 16:59:41 2017
http://www.youtube.com/[[item.originalPhotoUrl]] |HTTP Error 404: Not Found
Tue Oct  3 16:59:43 2017
http://www.youtube.com/[[data.target]] |HTTP Error 404: Not Found
Tue Oct  3 16:59:43 2017
http://www.youtube.com/[[computeHref_(data.navigationEndpoint)]] |HTTP Error 404: Not Found
Tue Oct  3 16:59:47 2017
http://www.youtube.com/[[computeHref_(data.bannerLinkEndpoint)]] |HTTP Error 404: Not Found
Tue Oct  3 16:59:47 2017
http://www.youtube.com/[[clickThroughUrl_]] |HTTP Error 404: Not Found
Tue Oct  3 17:00:23 2017
http://www.gisbau.uniroma1.it/amd/amd030b.html |<urlopen error [WinError 10060] 由于连接方在一段时间后没有正确答复或连接的主机没有反应，连接尝试失败。>
Tue Oct  3 17:01:33 2017
https://www.facebook.com/search/str/Nonprofit+Organization/keywords_pages/?ref=page_about_category |HTTP Error 404: Not Found
Tue Oct  3 17:01:39 2017
http://www.zsl.org/collections/christmas-shop |HTTP Error 404: Not Found
Tue Oct  3 17:01:41 2017
http://www.zsl.org/collections/halloween |HTTP Error 404: Not Found
Tue Oct  3 17:01:47 2017
http://www.zsl.org/collections/special-offers |HTTP Error 404: Not Found
Tue Oct  3 17:01:50 2017
http://www.zsl.org/collections/lion-gifts |HTTP Error 404: Not Found
Tue Oct  3 17:01:53 2017
http://www.zsl.org/collections/elephant-gifts |HTTP Error 404: Not Found
Tue Oct  3 17:01:56 2017
http://www.zsl.org/collections/giraffe-gifts |HTTP Error 404: Not Found
Tue Oct  3 17:01:58 2017
http://www.zsl.org/collections/flamingo-gifts |HTTP Error 404: Not Found
Tue Oct  3 17:02:01 2017
http://www.zsl.org/collections/monkey-gifts |HTTP Error 404: Not Found
Tue Oct  3 17:02:03 2017
http://www.zsl.org/collections/penguin-gifts |HTTP Error 404: Not Found
Tue Oct  3 17:02:05 2017
https://www.facebook.com/search/str/Environmental+Conservation+Organization/keywords_pages/?ref=page_about_category |HTTP Error 404: Not Found
Tue Oct  3 17:02:12 2017
mailto:?subject=Arkive%20Education&body=Education%20resources%20on%20Arkive%20including%20science%20teaching%20resources%2C%20biology%20teaching%20resources%20and%20science%20games.:%20http%3A%2F%2Fwww.arkive.org%2Feducation%2F |<urlopen error unknown url type: mailto>
Tue Oct  3 17:02:16 2017
http://www.zsl.org/collections/gifts-him |HTTP Error 404: Not Found
Tue Oct  3 17:02:18 2017
http://www.zsl.org/collections/gifts-babies |HTTP Error 404: Not Found
Tue Oct  3 17:02:21 2017
http://www.zsl.org/collections/gifts-children |HTTP Error 404: Not Found
Tue Oct  3 17:02:24 2017
http://www.zsl.org/collections/homeware |HTTP Error 404: Not Found
Tue Oct  3 17:02:26 2017
http://www.zsl.org/collections/books |HTTP Error 404: Not Found
Tue Oct  3 17:02:29 2017
http://www.zsl.org/collections/gifts-for-her |HTTP Error 404: Not Found
Tue Oct  3 17:02:31 2017
http://www.zsl.org/collections/bestsellers |HTTP Error 404: Not Found
Tue Oct  3 17:03:10 2017
http://downloads.arkive.org/documents/shoebox-habitats/Shoebox Habitats_-_Winter.zip |HTTP Error 400: Bad Request
Tue Oct  3 17:03:22 2017
mailto:?subject=Contribute&body=Information%20about%20Arkive%20%E2%80%93%20a%20unique%20collection%20of%20thousands%20of%20videos%2C%20images%20and%20fact-files%20illustrating%20the%20world%27s%20species.%20Find%20out%20about%20our%20team%2C%20media%20donors%2C%20species%20lists%2C%20promotional%20video%2C%20Wildscreen%20and%20much%20more...:%20http%3A%2F%2Fwww.arkive.org%2Fabout%2Fcontribute |<urlopen error unknown url type: mailto>
Tue Oct  3 17:03:22 2017
mailto:?subject=Contributors&body=Information%20about%20Arkive%20%E2%80%93%20a%20unique%20collection%20of%20thousands%20of%20videos%2C%20images%20and%20fact-files%20illustrating%20the%20world%27s%20species.%20Find%20out%20about%20our%20team%2C%20media%20donors%2C%20species%20lists%2C%20promotional%20video%2C%20Wildscreen%20and%20much%20more...:%20http%3A%2F%2Fwww.arkive.org%2Fabout%2Fmedia-donors.html |<urlopen error unknown url type: mailto>
Tue Oct  3 17:03:55 2017
http://www.zsl.org/collections/figures-and-playsets |HTTP Error 404: Not Found
Tue Oct  3 17:03:57 2017
http://www.zsl.org/collections/clothing-and-accessories |HTTP Error 404: Not Found
Tue Oct  3 17:04:00 2017
http://www.zsl.org/collections/stationery |HTTP Error 404: Not Found
Tue Oct  3 17:04:04 2017
http://www.zsl.org/collections/toys-and-games |HTTP Error 404: Not Found
Tue Oct  3 17:04:06 2017
http://www.zsl.org/collections/animal-experiences |HTTP Error 404: Not Found
Tue Oct  3 17:05:29 2017
http://www.zsl.org/collections/jewellery |HTTP Error 404: Not Found
Tue Oct  3 17:06:06 2017
mailto:?subject=Species%20results%20%26ndash%3B%20videos%2C%20photos%20and%20facts&body=:%20http%3A%2F%2Fwww.arkive.org%2Fexplore%2Fspecies |<urlopen error unknown url type: mailto>
Tue Oct  3 17:06:06 2017
mailto:?subject=Donate%20to%20Arkive&body=Information%20on%20Donating%20to%20Arkive:%20http%3A%2F%2Fwww.arkive.org%2Fdonate.html |<urlopen error unknown url type: mailto>
Tue Oct  3 17:07:03 2017
mailto:?subject=Laysan%20albatross%20video&body=Laysan%20albatross%20-%20Human%20Impacts%20education%20module:%20http%3A%2F%2Fwww.arkive.org%2Flaysan-albatross%2Fphoebastria-immutabilis%2Fvideo-99a.html |<urlopen error unknown url type: mailto>
Tue Oct  3 17:07:12 2017
http://downloads.arkive.org/documents/shoebox-habitats/Shoebox Habitats_-_Under_the_Sea.zip |HTTP Error 400: Bad Request
Tue Oct  3 17:07:25 2017
https://www.facebook.com/search/str/Wildlife+Sanctuary/keywords_pages/?ref=page_about_category |HTTP Error 404: Not Found
Tue Oct  3 17:07:44 2017
mailto:?subject=Sea%20otter%20video&body=Californian%20sea%20otter%20mother%20and%20pup:%20http%3A%2F%2Fwww.arkive.org%2Fsea-otter%2Fenhydra-lutris%2Fvideo-ne09c.html |<urlopen error unknown url type: mailto>
Tue Oct  3 17:08:04 2017
mailto:?subject=About%20Arkive%20-%20a%20unique%20collection%20of%20thousands%20of%20videos%2C%20images%20and%20fact-files%20illustrating%20the%20world%27s%20species&body=Information%20about%20Arkive%20%E2%80%93%20a%20unique%20collection%20of%20thousands%20of%20videos%2C%20images%20and%20fact-files%20illustrating%20the%20world%27s%20species.%20Find%20out%20about%20our%20team%2C%20media%20donors%2C%20species%20lists%2C%20promotional%20video%2C%20Wildscreen%20and%20much%20more...:%20http%3A%2F%2Fwww.arkive.org%2Fabout%2F |<urlopen error unknown url type: mailto>
